\BOOKMARK [1][-]{section.1}{Introduction}{}% 1
\BOOKMARK [1][-]{section.2}{E-commerce payment systems}{}% 2
\BOOKMARK [2][-]{subsection.2.1}{Conventional payment processing}{section.2}% 3
\BOOKMARK [2][-]{subsection.2.2}{Third-party payment providers}{section.2}% 4
\BOOKMARK [2][-]{subsection.2.3}{Peer-to-Peer payment}{section.2}% 5
\BOOKMARK [1][-]{section.3}{Bitcoin in e-commerce}{}% 6
\BOOKMARK [2][-]{subsection.3.1}{Bitcoin performance}{section.3}% 7
\BOOKMARK [2][-]{subsection.3.2}{Third-party payment processors}{section.3}% 8
\BOOKMARK [3][-]{subsubsection.3.2.1}{Coinbase}{subsection.3.2}% 9
\BOOKMARK [3][-]{subsubsection.3.2.2}{BitPay}{subsection.3.2}% 10
\BOOKMARK [3][-]{subsubsection.3.2.3}{BIPS}{subsection.3.2}% 11
\BOOKMARK [2][-]{subsection.3.3}{Pros and Cons of using Bitcoin in e-commerce}{section.3}% 12
\BOOKMARK [3][-]{subsubsection.3.3.1}{Pros}{subsection.3.3}% 13
\BOOKMARK [3][-]{subsubsection.3.3.2}{Cons}{subsection.3.3}% 14
\BOOKMARK [1][-]{section.4}{Nano cryptocurrency}{}% 15
\BOOKMARK [2][-]{subsection.4.1}{Nano components}{section.4}% 16
\BOOKMARK [2][-]{subsection.4.2}{System overview}{section.4}% 17
\BOOKMARK [3][-]{subsubsection.4.2.1}{Delegated Proof of Stake}{subsection.4.2}% 18
\BOOKMARK [3][-]{subsubsection.4.2.2}{Proof of Work}{subsection.4.2}% 19
\BOOKMARK [2][-]{subsection.4.3}{Nano performance}{section.4}% 20
\BOOKMARK [1][-]{section.5}{NANO in e-commerce}{}% 21
\BOOKMARK [2][-]{subsection.5.1}{Nano availability}{section.5}% 22
\BOOKMARK [3][-]{subsubsection.5.1.1}{Nanex}{subsection.5.1}% 23
\BOOKMARK [3][-]{subsubsection.5.1.2}{Binance}{subsection.5.1}% 24
\BOOKMARK [3][-]{subsubsection.5.1.3}{CoinFalcon}{subsection.5.1}% 25
\BOOKMARK [2][-]{subsection.5.2}{Payment gateways}{section.5}% 26
\BOOKMARK [1][-]{section.6}{Conclusion}{}% 27
\BOOKMARK [1][-]{section.7}{References}{}% 28
\BOOKMARK [1][-]{section.8}{Abstract}{}% 29
