\BOOKMARK [1][-]{section.1}{Introduction}{}% 1
\BOOKMARK [1][-]{section.2}{E-commerce payment systems}{}% 2
\BOOKMARK [2][-]{subsection.2.1}{Conventional payment processing}{section.2}% 3
\BOOKMARK [2][-]{subsection.2.2}{Third-party payment providers}{section.2}% 4
\BOOKMARK [2][-]{subsection.2.3}{Peer-to-Peer payment}{section.2}% 5
\BOOKMARK [1][-]{section.3}{Bitcoin in e-commerce}{}% 6
\BOOKMARK [2][-]{subsection.3.1}{About Bitcoin}{section.3}% 7
\BOOKMARK [2][-]{subsection.3.2}{Bitcoin performances}{section.3}% 8
\BOOKMARK [2][-]{subsection.3.3}{Bitcoin in e-commerce}{section.3}% 9
\BOOKMARK [2][-]{subsection.3.4}{Third-party payment processors}{section.3}% 10
\BOOKMARK [3][-]{subsubsection.3.4.1}{Coinbase}{subsection.3.4}% 11
\BOOKMARK [3][-]{subsubsection.3.4.2}{BitPay}{subsection.3.4}% 12
\BOOKMARK [3][-]{subsubsection.3.4.3}{BIPS}{subsection.3.4}% 13
\BOOKMARK [2][-]{subsection.3.5}{Pros and Cons for using Bitcoin in e-commerce}{section.3}% 14
\BOOKMARK [3][-]{subsubsection.3.5.1}{Pros}{subsection.3.5}% 15
\BOOKMARK [3][-]{subsubsection.3.5.2}{Cons}{subsection.3.5}% 16
\BOOKMARK [1][-]{section.4}{Nano cryptocurrency}{}% 17
\BOOKMARK [2][-]{subsection.4.1}{Nano components}{section.4}% 18
\BOOKMARK [3][-]{subsubsection.4.1.1}{Account}{subsection.4.1}% 19
\BOOKMARK [3][-]{subsubsection.4.1.2}{Block/Transaction}{subsection.4.1}% 20
\BOOKMARK [3][-]{subsubsection.4.1.3}{Ledger}{subsection.4.1}% 21
\BOOKMARK [3][-]{subsubsection.4.1.4}{Node}{subsection.4.1}% 22
\BOOKMARK [2][-]{subsection.4.2}{System overview}{section.4}% 23
\BOOKMARK [2][-]{subsection.4.3}{Nano performance}{section.4}% 24
\BOOKMARK [1][-]{section.5}{NANO in e-commerce}{}% 25
\BOOKMARK [2][-]{subsection.5.1}{Payment gateways}{section.5}% 26
\BOOKMARK [1][-]{section.6}{Conclusion}{}% 27
\BOOKMARK [1][-]{section.7}{Literatura}{}% 28
\BOOKMARK [1][-]{section.8}{Abstract}{}% 29
